<?xml version="1.0" encoding="UTF-8"?>
<testsuite xmlns:xsi="http://www.w3.org/2001/XMLSchema-instance" xsi:noNamespaceSchemaLocation="https://maven.apache.org/surefire/maven-surefire-plugin/xsd/surefire-test-report.xsd" name="TestSuite" time="29.148" tests="2" errors="0" skipped="0" failures="0">
  <properties>
[...]
</properties>
  <testcase name="openGoogleSearch" classname="com.github.junyinghu.automation.TestForm" time="20.853"/>
  <testcase name="modificationsetting" classname="com.github.junyinghu.automation.TestForm" time="1.719"/>
</testsuite>