<?xml version="1.0" encoding="UTF-8"?>
<testsuite xmlns:xsi="http://www.w3.org/2001/XMLSchema-instance" xsi:noNamespaceSchemaLocation="https://maven.apache.org/surefire/maven-surefire-plugin/xsd/surefire-test-report.xsd" name="TestSuite" time="45.078" tests="4" errors="0" skipped="2" failures="2">
  <properties>
[...]
</properties>
  <testcase name="openGoogleSearch" classname="com.github.junyinghu.automation.TestForm" time="22.581">
    <failure message="Unable to locate element: viewemail1&#10;For documentation on this error, please visit: http://seleniumhq.org/exceptions/no_such_element.html&#10;Build info: version: &apos;3.5.3&apos;, revision: &apos;a88d25fe6b&apos;, time: &apos;2017-08-29T12:42:44.417Z&apos;&#10;System info: host: &apos;HUJY&apos;, ip: &apos;192.168.56.1&apos;, os.name: &apos;Windows 10&apos;, os.arch: &apos;amd64&apos;, os.version: &apos;10.0&apos;, java.version: &apos;1.8.0_144&apos;&#10;Driver info: org.openqa.selenium.firefox.FirefoxDriver&#10;Capabilities [{moz:profile=C:\Users\jy\AppData\Local\Temp\rust_mozprofile.YONznrSMHQNA, rotatable=false, timeouts={implicit=0, pageLoad=300000, script=30000}, pageLoadStrategy=normal, platform=XP, specificationLevel=0, moz:accessibilityChecks=false, acceptInsecureCerts=false, browserVersion=55.0.3, platformVersion=10.0, moz:processID=8424, browserName=firefox, javascriptEnabled=true, platformName=XP}]&#10;Session ID: 91ecc907-b638-4801-9c22-45499179466c&#10;*** Element info: {Using=xpath, value=viewemail1}" type="org.openqa.selenium.NoSuchElementException">org.openqa.selenium.NoSuchElementException: 
Unable to locate element: viewemail1
For documentation on this error, please visit: http://seleniumhq.org/exceptions/no_such_element.html
Build info: version: '3.5.3', revision: 'a88d25fe6b', time: '2017-08-29T12:42:44.417Z'
System info: host: 'HUJY', ip: '192.168.56.1', os.name: 'Windows 10', os.arch: 'amd64', os.version: '10.0', java.version: '1.8.0_144'
Driver info: org.openqa.selenium.firefox.FirefoxDriver
Capabilities [{moz:profile=C:\Users\jy\AppData\Local\Temp\rust_mozprofile.YONznrSMHQNA, rotatable=false, timeouts={implicit=0, pageLoad=300000, script=30000}, pageLoadStrategy=normal, platform=XP, specificationLevel=0, moz:accessibilityChecks=false, acceptInsecureCerts=false, browserVersion=55.0.3, platformVersion=10.0, moz:processID=8424, browserName=firefox, javascriptEnabled=true, platformName=XP}]
Session ID: 91ecc907-b638-4801-9c22-45499179466c
*** Element info: {Using=xpath, value=viewemail1}
	at com.github.junyinghu.automation.TestForm.openGoogleSearch(TestForm.java:49)
</failure>
    <system-err><![CDATA[1505112321475	geckodriver	INFO	geckodriver 0.18.0
1505112321478	geckodriver	INFO	Listening on 127.0.0.1:31371
1505112322257	geckodriver::marionette	INFO	Starting browser C:\Program Files (x86)\Mozilla Firefox\firefox.exe with args ["-marionette"]
1505112322585	addons.xpi	WARN	Error parsing extensions state: [Exception... "Component returned failure code: 0x80520012 (NS_ERROR_FILE_NOT_FOUND) [amIAddonManagerStartup.readStartupData]"  nsresult: "0x80520012 (NS_ERROR_FILE_NOT_FOUND)"  location: "JS frame :: resource://gre/modules/addons/XPIProvider.jsm :: loadExtensionState :: line 1596"  data: no] Stack trace: loadExtensionState()@resource://gre/modules/addons/XPIProvider.jsm:1596 < getInstallState()@resource://gre/modules/addons/XPIProvider.jsm:1631 < checkForChanges()@resource://gre/modules/addons/XPIProvider.jsm:3152 < startup()@resource://gre/modules/addons/XPIProvider.jsm:2246 < callProvider()@resource://gre/modules/AddonManager.jsm:271 < _startProvider()@resource://gre/modules/AddonManager.jsm:741 < startup()@resource://gre/modules/AddonManager.jsm:908 < startup()@resource://gre/modules/AddonManager.jsm:3122 < observe()@jar:file:///C:/Program%20Files%20(x86)/Mozilla%20Firefox/omni.ja!/components/addonManager.js:65
1505112323100	Marionette	INFO	Enabled via --marionette
[Child 9188] WARNING: pipe error: 109: file c:/builds/moz2_slave/m-rel-w32-00000000000000000000/build/src/ipc/chromium/src/chrome/common/ipc_channel_win.cc, line 346
[Child 9188] WARNING: pipe error: 109: file c:/builds/moz2_slave/m-rel-w32-00000000000000000000/build/src/ipc/chromium/src/chrome/common/ipc_channel_win.cc, line 346
1505112325328	Marionette	INFO	Listening on port 51839
1505112325353	Marionette	INFO	Listening on port 51839
1505112325506	Marionette	DEBUG	loaded listener.js
九月 11, 2017 2:45:25 下午 org.openqa.selenium.remote.ProtocolHandshake createSession
INFO: Detected dialect: W3C
1505112325647	Marionette	DEBUG	Received DOM event "beforeunload" for "about:blank"
1505112326884	Marionette	DEBUG	Received DOM event "pagehide" for "about:blank"
1505112326884	Marionette	DEBUG	Received DOM event "unload" for "about:blank"
1505112326993	Marionette	DEBUG	Received DOM event "DOMContentLoaded" for "https://www.google.com.sg/?gws_rd=ssl"
1505112327563	Marionette	DEBUG	Received observer notification "outer-window-destroyed" for "4294967301"
1505112327570	Marionette	DEBUG	Received DOM event "DOMContentLoaded" for "https://www.google.com.sg/?gws_rd=ssl"
1505112327576	Marionette	DEBUG	Received DOM event "pageshow" for "https://www.google.com.sg/?gws_rd=ssl"
1505112327847	Marionette	DEBUG	Received DOM event "pageshow" for "https://www.google.com.sg/?gws_rd=ssl"
1505112328374	Marionette	DEBUG	Received DOM event "beforeunload" for "https://www.google.com.sg/?gws_rd=ssl"
1505112328481	Marionette	DEBUG	Received DOM event "pagehide" for "https://www.google.com.sg/?gws_rd=ssl"
1505112328484	Marionette	DEBUG	Received DOM event "unload" for "https://www.google.com.sg/?gws_rd=ssl"
1505112328549	Marionette	DEBUG	Received observer notification "outer-window-destroyed" for "4294967303"
1505112329376	Marionette	DEBUG	Received DOM event "DOMContentLoaded" for "https://www.google.com.sg/search?source=hp&q=Ranorex&oq=Ranorex&gs_l=psy-ab.12...772.960.0.1064.7.2.0.0.0.0.0.0..0.0....0...1.1.64.psy-ab..7.0.0.yxZWGrkxaXg"
1505112329681	Marionette	DEBUG	Received observer notification "outer-window-destroyed" for "4294967306"
1505112329690	Marionette	DEBUG	Received DOM event "DOMContentLoaded" for "https://www.google.com.sg/search?source=hp&q=Ranorex&oq=Ranorex&gs_l=psy-ab.12...772.960.0.1064.7.2.0.0.0.0.0.0..0.0....0...1.1.64.psy-ab..7.0.0.yxZWGrkxaXg"
1505112329694	Marionette	DEBUG	Received DOM event "pageshow" for "https://www.google.com.sg/search?source=hp&q=Ranorex&oq=Ranorex&gs_l=psy-ab.12...772.960.0.1064.7.2.0.0.0.0.0.0..0.0....0...1.1.64.psy-ab..7.0.0.yxZWGrkxaXg"
1505112330704	Marionette	DEBUG	Received DOM event "pageshow" for "https://www.google.com.sg/search?source=hp&q=Ranorex&oq=Ranorex&gs_l=psy-ab.12...772.960.0.1064.7.2.0.0.0.0.0.0..0.0....0...1.1.64.psy-ab..7.0.0.yxZWGrkxaXg"
1505112330898	Marionette	DEBUG	Received DOM event "pagehide" for "https://www.google.com.sg/search?source=hp&q=Ranorex&oq=Ranorex&gs_l=psy-ab.12...772.960.0.1064.7.2.0.0.0.0.0.0..0.0....0...1.1.64.psy-ab..7.0.0.yxZWGrkxaXg"
1505112330901	Marionette	DEBUG	Received DOM event "beforeunload" for "https://www.google.com.sg/search?source=hp&q=Ranorex&oq=Ranorex&gs_l=psy-ab.12...772.960.0.1064.7.2.0.0.0.0.0.0..0.0....0...1.1.64.psy-ab..7.0.0.yxZWGrkxaXg"
1505112330907	Marionette	DEBUG	Received DOM event "pagehide" for "https://www.google.com.sg/url?sa=t&rct=j&q=&esrc=s&source=web&cd=1&ved=0ahUKEwjSmoutxJzWAhWJPo8KHX1rDm4QFggkMAA&url=https%3A%2F%2Fwww.ranorex.com%2F&usg=AFQjCNEWEtkFkXFvHO55Y3WH83XVJaYNhg"
1505112331089	Marionette	DEBUG	Received DOM event "pagehide" for "https://www.google.com.sg/search?source=hp&q=Ranorex&oq=Ranorex&gs_l=psy-ab.12...772.960.0.1064.7.2.0.0.0.0.0.0..0.0....0...1.1.64.psy-ab..7.0.0.yxZWGrkxaXg"
1505112331091	Marionette	DEBUG	Received DOM event "unload" for "https://www.google.com.sg/search?source=hp&q=Ranorex&oq=Ranorex&gs_l=psy-ab.12...772.960.0.1064.7.2.0.0.0.0.0.0..0.0....0...1.1.64.psy-ab..7.0.0.yxZWGrkxaXg"
1505112335260	Marionette	DEBUG	Received DOM event "DOMContentLoaded" for "https://www.ranorex.com/"
1505112335262	Marionette	DEBUG	Received observer notification "outer-window-destroyed" for "4294967308"
1505112335263	Marionette	DEBUG	Received observer notification "outer-window-destroyed" for "4294967310"
1505112335824	Marionette	DEBUG	Received DOM event "DOMContentLoaded" for "https://www.youtube.com/embed/qsh4zWa6bE8?enablejsapi=1"
1505112336120	Marionette	DEBUG	Received DOM event "pageshow" for "https://www.youtube.com/embed/qsh4zWa6bE8?enablejsapi=1"
1505112336135	Marionette	DEBUG	Received observer notification "outer-window-destroyed" for "4294967317"
1505112336821	Marionette	DEBUG	Received DOM event "pageshow" for "https://www.ranorex.com/"
1505112338481	Marionette	DEBUG	Received DOM event "beforeunload" for "https://www.ranorex.com/"
1505112340287	Marionette	DEBUG	Received DOM event "pagehide" for "https://www.ranorex.com/"
1505112340291	Marionette	DEBUG	Received DOM event "unload" for "https://www.ranorex.com/"
1505112340486	Marionette	DEBUG	Received observer notification "outer-window-destroyed" for "4294967314"
1505112342492	Marionette	DEBUG	Received DOM event "DOMContentLoaded" for "https://www.ranorex.com/forum/"
1505112342876	Marionette	DEBUG	Received DOM event "pageshow" for "https://www.ranorex.com/forum/"
1505112342975	Marionette	DEBUG	Received DOM event "beforeunload" for "https://www.ranorex.com/forum/"
1505112344184	Marionette	DEBUG	Received DOM event "pagehide" for "https://www.ranorex.com/forum/"
1505112344187	Marionette	DEBUG	Received DOM event "unload" for "https://www.ranorex.com/forum/"
1505112344439	Marionette	DEBUG	Received DOM event "DOMContentLoaded" for "https://www.ranorex.com/forum/ucp.php?mode=login&sid=42a7ce234fc49101de9407d9e7de3744"
1505112344784	Marionette	DEBUG	Received DOM event "pageshow" for "https://www.ranorex.com/forum/ucp.php?mode=login&sid=42a7ce234fc49101de9407d9e7de3744"
1505112344958	Marionette	DEBUG	Received DOM event "beforeunload" for "https://www.ranorex.com/forum/ucp.php?mode=login&sid=42a7ce234fc49101de9407d9e7de3744"
1505112345742	Marionette	DEBUG	Received DOM event "pagehide" for "https://www.ranorex.com/forum/ucp.php?mode=login&sid=42a7ce234fc49101de9407d9e7de3744"
1505112345745	Marionette	DEBUG	Received DOM event "unload" for "https://www.ranorex.com/forum/ucp.php?mode=login&sid=42a7ce234fc49101de9407d9e7de3744"
1505112346608	Marionette	DEBUG	Received DOM event "DOMContentLoaded" for "https://www.ranorex.com/forum/ucp.php?mode=login"
1505112346985	Marionette	DEBUG	Received DOM event "pageshow" for "https://www.ranorex.com/forum/ucp.php?mode=login"
1505112347055	Marionette	DEBUG	Received DOM event "beforeunload" for "https://www.ranorex.com/forum/ucp.php?mode=login"
1505112347570	Marionette	DEBUG	Received DOM event "pagehide" for "https://www.ranorex.com/forum/ucp.php?mode=login"
1505112347572	Marionette	DEBUG	Received DOM event "unload" for "https://www.ranorex.com/forum/ucp.php?mode=login"
1505112347820	Marionette	DEBUG	Received DOM event "DOMContentLoaded" for "https://www.ranorex.com/forum/ucp.php?sid=a442c58276c1c99033fee347a9a09ec8"
1505112348242	Marionette	DEBUG	Received DOM event "pageshow" for "https://www.ranorex.com/forum/ucp.php?sid=a442c58276c1c99033fee347a9a09ec8"
1505112348312	Marionette	DEBUG	Received DOM event "beforeunload" for "https://www.ranorex.com/forum/ucp.php?sid=a442c58276c1c99033fee347a9a09ec8"
1505112349782	Marionette	DEBUG	Received DOM event "pagehide" for "https://www.ranorex.com/forum/ucp.php?sid=a442c58276c1c99033fee347a9a09ec8"
1505112349790	Marionette	DEBUG	Received DOM event "unload" for "https://www.ranorex.com/forum/ucp.php?sid=a442c58276c1c99033fee347a9a09ec8"
1505112350066	Marionette	DEBUG	Received DOM event "DOMContentLoaded" for "https://www.ranorex.com/forum/ucp.php?i=165"
1505112350401	Marionette	DEBUG	Received DOM event "pageshow" for "https://www.ranorex.com/forum/ucp.php?i=165"
]]></system-err>
  </testcase>
  <testcase name="beforeClass" classname="com.github.junyinghu.automation.TestMyWeb" time="37.304">
    <failure message="Failed to decode response from marionette&#10;Build info: version: &apos;3.5.3&apos;, revision: &apos;a88d25fe6b&apos;, time: &apos;2017-08-29T12:42:44.417Z&apos;&#10;System info: host: &apos;HUJY&apos;, ip: &apos;192.168.56.1&apos;, os.name: &apos;Windows 10&apos;, os.arch: &apos;amd64&apos;, os.version: &apos;10.0&apos;, java.version: &apos;1.8.0_144&apos;&#10;Driver info: org.openqa.selenium.firefox.FirefoxDriver&#10;Capabilities [{moz:profile=C:\Users\jy\AppData\Local\Temp\rust_mozprofile.0qBg3nBEXR6r, rotatable=false, timeouts={implicit=0, pageLoad=300000, script=30000}, pageLoadStrategy=normal, platform=XP, specificationLevel=0, moz:accessibilityChecks=false, acceptInsecureCerts=false, browserVersion=55.0.3, platformVersion=10.0, moz:processID=4176, browserName=firefox, javascriptEnabled=true, platformName=XP}]&#10;Session ID: c1796784-00e1-4233-b0de-5e12796e1111" type="org.openqa.selenium.WebDriverException">org.openqa.selenium.WebDriverException: 
Failed to decode response from marionette
Build info: version: '3.5.3', revision: 'a88d25fe6b', time: '2017-08-29T12:42:44.417Z'
System info: host: 'HUJY', ip: '192.168.56.1', os.name: 'Windows 10', os.arch: 'amd64', os.version: '10.0', java.version: '1.8.0_144'
Driver info: org.openqa.selenium.firefox.FirefoxDriver
Capabilities [{moz:profile=C:\Users\jy\AppData\Local\Temp\rust_mozprofile.0qBg3nBEXR6r, rotatable=false, timeouts={implicit=0, pageLoad=300000, script=30000}, pageLoadStrategy=normal, platform=XP, specificationLevel=0, moz:accessibilityChecks=false, acceptInsecureCerts=false, browserVersion=55.0.3, platformVersion=10.0, moz:processID=4176, browserName=firefox, javascriptEnabled=true, platformName=XP}]
Session ID: c1796784-00e1-4233-b0de-5e12796e1111
	at com.github.junyinghu.automation.TestMyWeb.beforeClass(TestMyWeb.java:43)
</failure>
    <system-out><![CDATA[afterClass
beforeClass
]]></system-out>
    <system-err><![CDATA[1505112351070	geckodriver	INFO	geckodriver 0.18.0
1505112351086	geckodriver	INFO	Listening on 127.0.0.1:21061
1505112351634	geckodriver::marionette	INFO	Starting browser C:\Program Files (x86)\Mozilla Firefox\firefox.exe with args ["-marionette"]
1505112351945	addons.xpi	WARN	Error parsing extensions state: [Exception... "Component returned failure code: 0x80520012 (NS_ERROR_FILE_NOT_FOUND) [amIAddonManagerStartup.readStartupData]"  nsresult: "0x80520012 (NS_ERROR_FILE_NOT_FOUND)"  location: "JS frame :: resource://gre/modules/addons/XPIProvider.jsm :: loadExtensionState :: line 1596"  data: no] Stack trace: loadExtensionState()@resource://gre/modules/addons/XPIProvider.jsm:1596 < getInstallState()@resource://gre/modules/addons/XPIProvider.jsm:1631 < checkForChanges()@resource://gre/modules/addons/XPIProvider.jsm:3152 < startup()@resource://gre/modules/addons/XPIProvider.jsm:2246 < callProvider()@resource://gre/modules/AddonManager.jsm:271 < _startProvider()@resource://gre/modules/AddonManager.jsm:741 < startup()@resource://gre/modules/AddonManager.jsm:908 < startup()@resource://gre/modules/AddonManager.jsm:3122 < observe()@jar:file:///C:/Program%20Files%20(x86)/Mozilla%20Firefox/omni.ja!/components/addonManager.js:65
1505112352460	Marionette	INFO	Enabled via --marionette
[GPU 5560] WARNING: pipe error: 109: file c:/builds/moz2_slave/m-rel-w32-00000000000000000000/build/src/ipc/chromium/src/chrome/common/ipc_channel_win.cc, line 346
1505112354103	Marionette	INFO	Listening on port 52002
1505112354114	Marionette	INFO	Listening on port 52002
1505112354839	Marionette	DEBUG	loaded listener.js
九月 11, 2017 2:45:54 下午 org.openqa.selenium.remote.ProtocolHandshake createSession
INFO: Detected dialect: W3C
1505112354913	Marionette	DEBUG	Received DOM event "beforeunload" for "about:blank"
1505112355392	Marionette	DEBUG	Received DOM event "pagehide" for "about:blank"
1505112355393	Marionette	DEBUG	Received DOM event "unload" for "about:blank"
1505112356989	Marionette	DEBUG	Received DOM event "DOMContentLoaded" for "http://www.singaporeair.com/en_UK/sg/home#flightSearch"
1505112358181	Marionette	DEBUG	Received DOM event "pageshow" for "http://www.singaporeair.com/en_UK/sg/home#flightSearch"
1505112358187	Marionette	DEBUG	Received DOM event "pageshow" for "http://www.singaporeair.com/en_UK/sg/home#flightSearch"
1505112359910	Marionette	DEBUG	Received DOM event "DOMContentLoaded" for "https://3777021.fls.doubleclick.net/activityi;src=3777021;type=siaamex0;cat=siaamex0;dc_lat=;dc_rdid=;tag_for_child_directed_treatment=;ord=[SessionID]?"
1505112359910	Marionette	DEBUG	Received DOM event "DOMContentLoaded" for "http://4645703.fls.doubleclick.net/activityi;src=4645703;type=siaco0;cat=siakr002;u17=undefined;ord=2525747754083;~oref=http%3A%2F%2Fwww.singaporeair.com%2Fen_UK%2Fsg%2Fhome?"
1505112359912	Marionette	DEBUG	Received DOM event "pageshow" for "http://4645703.fls.doubleclick.net/activityi;src=4645703;type=siaco0;cat=siakr002;u17=undefined;ord=2525747754083;~oref=http%3A%2F%2Fwww.singaporeair.com%2Fen_UK%2Fsg%2Fhome?"
JavaScript error: http://4645703.fls.doubleclick.net/activityi;src=4645703;type=siaco0;cat=siaho0;ord=4851249422986;~oref=http%3A%2F%2Fwww.singaporeair.com%2Fen_UK%2Fsg%2Fhome?, line 211: SyntaxError: expected expression, got '<'
1505112360534	Marionette	DEBUG	Received DOM event "DOMContentLoaded" for "http://4645703.fls.doubleclick.net/activityi;src=4645703;type=siaco0;cat=siaho0;ord=4851249422986;~oref=http%3A%2F%2Fwww.singaporeair.com%2Fen_UK%2Fsg%2Fhome?"
1505112360697	Marionette	DEBUG	Received DOM event "DOMContentLoaded" for "https://singaporeairlines.api.sociaplus.com/worker.html"
1505112360699	Marionette	DEBUG	Received DOM event "pageshow" for "https://singaporeairlines.api.sociaplus.com/worker.html"
1505112360701	Marionette	DEBUG	Received DOM event "pageshow" for "https://3777021.fls.doubleclick.net/activityi;src=3777021;type=siaamex0;cat=siaamex0;dc_lat=;dc_rdid=;tag_for_child_directed_treatment=;ord=[SessionID]?"
1505112361872	Marionette	DEBUG	Received DOM event "DOMContentLoaded" for "http://20740705p.rfihub.com/ca.html?rfiidc=696439476134613754&rfiaid=b3b664107bf243d2aab4ebaabf227a77&ver=9&rb=27062&ca=20740705&_o=27062&_t=20740705&pe=http%3A%2F%2F4645703.fls.doubleclick.net%2Factivityi%3Bsrc%3D4645703%3Btype%3Dsiaco0%3Bcat%3Dsiaho0%3Bord%3D4851249422986%3B%7Eoref%3Dhttp%253A%252F%252Fwww.singaporeair.com%252Fen_UK%252Fsg%252Fhome%3F&pf=http%3A%2F%2Fwww.singaporeair.com%2Fen_UK%2Fsg%2Fhome&ra=7033130535522681"
1505112361889	Marionette	DEBUG	Received DOM event "pageshow" for "http://20740705p.rfihub.com/ca.html?rfiidc=696439476134613754&rfiaid=b3b664107bf243d2aab4ebaabf227a77&ver=9&rb=27062&ca=20740705&_o=27062&_t=20740705&pe=http%3A%2F%2F4645703.fls.doubleclick.net%2Factivityi%3Bsrc%3D4645703%3Btype%3Dsiaco0%3Bcat%3Dsiaho0%3Bord%3D4851249422986%3B%7Eoref%3Dhttp%253A%252F%252Fwww.singaporeair.com%252Fen_UK%252Fsg%252Fhome%3F&pf=http%3A%2F%2Fwww.singaporeair.com%2Fen_UK%2Fsg%2Fhome&ra=7033130535522681"
IPDL protocol error: Handler returned error code!

###!!! [Parent][D1i5s0p51123a6t4429	Marionette	DEBUG	Received observer notification "outer-window-destroyed" for "2147483666"
ch1505112364429	Marionette	DEBUG	Received observer notification "outer-AwsiynncMessage]dow-destroyed" for "2147483 6E5r6"
ror1505112364430	Marionette	DEBUG	Received obser:v ePrL anyoetriTfransaction::Msg_Relication "outer-window-destroyed" for "2147483658"
easeLayer Processing error: message was deserialized, but the handler returned false (indicating failure)

IPDL protocol error: Handler returned error code!15
05
1#1#2364433	Marionette	DEBUG	Received obse#r!v!er notification "outer-window-destroyed" for "2147483660"
! [Par1505112364434	Marionette	DEBUG	Received observer notification "outer-window-destroyed" for "214748e3664"nt][DispatchAsyncMessage] Error: PLayerTransaction::Msg_ReleaseLayer Processing error: message was deseria
lized1, b5ut the handler returned false (indicating failure)

IPDL protocol error: Handler returned error code!

###!!! [Parent][DispatchAsyncMessage05112364436	Marionette	DEBUG	Received observer notification "outer-window-destroyed" for "2147483652"
] Error: PLayerTransaction::Msg_ReleaseLayer Processing error: message was deserialized, but the handler returned false (indicating failure)

[GPU 5560] WARNING: pipe error: 109: file c:/builds/moz2_slave/m-rel-w32-00000000000000000000/build/src/ipc/chromium/src/chrome/common/ipc_channel_win.cc, line 346
]]></system-err>
  </testcase>
  <testcase name="testClick" classname="com.github.junyinghu.automation.TestMyWeb" time="0">
    <skipped message="Failed to decode response from marionette&#10;Build info: version: &apos;3.5.3&apos;, revision: &apos;a88d25fe6b&apos;, time: &apos;2017-08-29T12:42:44.417Z&apos;&#10;System info: host: &apos;HUJY&apos;, ip: &apos;192.168.56.1&apos;, os.name: &apos;Windows 10&apos;, os.arch: &apos;amd64&apos;, os.version: &apos;10.0&apos;, java.version: &apos;1.8.0_144&apos;&#10;Driver info: org.openqa.selenium.firefox.FirefoxDriver&#10;Capabilities [{moz:profile=C:\Users\jy\AppData\Local\Temp\rust_mozprofile.0qBg3nBEXR6r, rotatable=false, timeouts={implicit=0, pageLoad=300000, script=30000}, pageLoadStrategy=normal, platform=XP, specificationLevel=0, moz:accessibilityChecks=false, acceptInsecureCerts=false, browserVersion=55.0.3, platformVersion=10.0, moz:processID=4176, browserName=firefox, javascriptEnabled=true, platformName=XP}]&#10;Session ID: c1796784-00e1-4233-b0de-5e12796e1111"/>
  </testcase>
  <testcase name="afterClass" classname="com.github.junyinghu.automation.TestMyWeb" time="0">
    <skipped/>
  </testcase>
</testsuite>